#
# There is insufficient memory for the Java Runtime Environment to continue.
# Native memory allocation (malloc) failed to allocate 1108576 bytes for Chunk::new
# Possible reasons:
#   The system is out of physical RAM or swap space
#   In 32 bit mode, the process size limit was hit
# Possible solutions:
#   Reduce memory load on the system
#   Increase physical memory or swap space
#   Check if swap backing store is full
#   Use 64 bit Java on a 64 bit OS
#   Decrease Java heap size (-Xmx/-Xms)
#   Decrease number of Java threads
#   Decrease Java thread stack sizes (-Xss)
#   Set larger code cache with -XX:ReservedCodeCacheSize=
# This output file may be truncated or incomplete.
#
#  Out of Memory Error (allocation.cpp:390), pid=6536, tid=0x0000000000003644
#
# JRE version: OpenJDK Runtime Environment (8.0_152-b01) (build 1.8.0_152-release-1343-b01)
# Java VM: OpenJDK 64-Bit Server VM (25.152-b01 mixed mode windows-amd64 compressed oops)
# Failed to write core dump. Minidumps are not enabled by default on client versions of Windows
#

---------------  T H R E A D  ---------------

Current thread (0x0000000016602000):  JavaThread "C2 CompilerThread0" daemon [_thread_in_native, id=13892, stack(0x0000000017fd0000,0x00000000180d0000)]

Stack: [0x0000000017fd0000,0x00000000180d0000]
[error occurred during error reporting (printing stack bounds), id 0xc0000005]

Native frames: (J=compiled Java code, j=interpreted, Vv=VM code, C=native code)


Current CompileTask:
C2:1202457 23671       4       com.android.tools.r8.dex.VirtualFile$IndexedItemTransaction::addProto (17 bytes)


---------------  P R O C E S S  ---------------

Java Threads: ( => current thread )
  0x000000001abfc000 JavaThread "ForkJoinPool-4-worker-20" daemon [_thread_in_native, id=8496, stack(0x0000000031d60000,0x0000000031e60000)]
  0x000000001abff800 JavaThread "ForkJoinPool-4-worker-27" daemon [_thread_in_native, id=14520, stack(0x0000000031c60000,0x0000000031d60000)]
  0x000000001abf8000 JavaThread "ForkJoinPool-4-worker-19" daemon [_thread_blocked, id=8240, stack(0x0000000031b60000,0x0000000031c60000)]
  0x000000001abfe000 JavaThread "ForkJoinPool-4-worker-18" daemon [_thread_in_native, id=11732, stack(0x0000000031a60000,0x0000000031b60000)]
  0x000000001abff000 JavaThread "ForkJoinPool-4-worker-8" daemon [_thread_in_Java, id=16172, stack(0x0000000031960000,0x0000000031a60000)]
  0x000000001c234000 JavaThread "ForkJoinPool-4-worker-15" daemon [_thread_blocked, id=4052, stack(0x0000000031860000,0x0000000031960000)]
  0x000000001c237000 JavaThread "ForkJoinPool-4-worker-13" daemon [_thread_in_native, id=15460, stack(0x0000000031760000,0x0000000031860000)]
  0x0000000020d7d000 JavaThread "ForkJoinPool-4-worker-9" daemon [_thread_in_native, id=13388, stack(0x0000000031660000,0x0000000031760000)]
  0x0000000020d82800 JavaThread "ForkJoinPool-4-worker-14" daemon [_thread_blocked, id=15384, stack(0x0000000031560000,0x0000000031660000)]
  0x0000000020d81800 JavaThread "ForkJoinPool-4-worker-12" daemon [_thread_in_native, id=792, stack(0x0000000031460000,0x0000000031560000)]
  0x0000000019e95000 JavaThread "ForkJoinPool-4-worker-10" daemon [_thread_blocked, id=4224, stack(0x0000000031360000,0x0000000031460000)]
  0x0000000019e9a000 JavaThread "ForkJoinPool-4-worker-11" daemon [_thread_blocked, id=2012, stack(0x0000000031260000,0x0000000031360000)]
  0x0000000019e9b000 JavaThread "ForkJoinPool-4-worker-5" daemon [_thread_blocked, id=2084, stack(0x0000000031160000,0x0000000031260000)]
  0x0000000019e98800 JavaThread "ForkJoinPool-4-worker-7" daemon [_thread_blocked, id=16064, stack(0x0000000031060000,0x0000000031160000)]
  0x000000001d96f000 JavaThread "ForkJoinPool-4-worker-6" daemon [_thread_blocked, id=14396, stack(0x0000000030f60000,0x0000000031060000)]
  0x000000001d96c000 JavaThread "ForkJoinPool-4-worker-4" daemon [_thread_in_Java, id=7204, stack(0x0000000030e60000,0x0000000030f60000)]
  0x000000001d961000 JavaThread "ForkJoinPool-4-worker-0" daemon [_thread_blocked, id=5776, stack(0x0000000030d60000,0x0000000030e60000)]
  0x000000001d967000 JavaThread "ForkJoinPool-4-worker-3" daemon [_thread_in_native, id=11172, stack(0x0000000030c60000,0x0000000030d60000)]
  0x000000001d964000 JavaThread "ForkJoinPool-4-worker-2" daemon [_thread_in_native, id=10932, stack(0x0000000030b60000,0x0000000030c60000)]
  0x000000001d962800 JavaThread "ForkJoinPool-4-worker-1" daemon [_thread_blocked, id=6624, stack(0x0000000030a60000,0x0000000030b60000)]
  0x0000000020d7b000 JavaThread "ForkJoinPool.commonPool-worker-1" daemon [_thread_blocked, id=2916, stack(0x0000000030460000,0x0000000030560000)]
  0x0000000020d7a000 JavaThread "ForkJoinPool.commonPool-worker-0" daemon [_thread_blocked, id=14552, stack(0x0000000030360000,0x0000000030460000)]
  0x000000001c234800 JavaThread "stdout" [_thread_in_native, id=7768, stack(0x0000000030060000,0x0000000030160000)]
  0x000000001c236000 JavaThread "stderr" [_thread_in_native, id=15960, stack(0x000000002ff60000,0x0000000030060000)]
  0x000000001c22c800 JavaThread "pool-11-thread-1" [_thread_blocked, id=6916, stack(0x000000002fe60000,0x000000002ff60000)]
  0x000000001c233000 JavaThread "Cache worker for execution history cache (C:\androidstudio\.gradle\5.1.1\executionHistory)" [_thread_blocked, id=684, stack(0x000000002fd60000,0x000000002fe60000)]
  0x000000001c231000 JavaThread "Execution worker for ':' Thread 3" [_thread_blocked, id=14212, stack(0x000000002fc60000,0x000000002fd60000)]
  0x000000001c228800 JavaThread "Execution worker for ':' Thread 2" [_thread_blocked, id=11748, stack(0x000000002fb60000,0x000000002fc60000)]
  0x000000001c22f800 JavaThread "Execution worker for ':'" [_thread_blocked, id=15024, stack(0x000000002fa60000,0x000000002fb60000)]
  0x000000001c22b800 JavaThread "Cache worker for file content cache (C:\androidstudio\.gradle\5.1.1\fileContent)" [_thread_blocked, id=14904, stack(0x000000002f960000,0x000000002fa60000)]
  0x000000001c22b000 JavaThread "Cache worker for Build Output Cleanup Cache (C:\androidstudio\.gradle\buildOutputCleanup)" [_thread_blocked, id=14892, stack(0x000000002f860000,0x000000002f960000)]
  0x000000001c22e800 JavaThread "Build operations Thread 4" [_thread_blocked, id=13324, stack(0x000000002f760000,0x000000002f860000)]
  0x000000001c228000 JavaThread "Build operations Thread 3" [_thread_blocked, id=12968, stack(0x000000002f660000,0x000000002f760000)]
  0x000000001c22e000 JavaThread "Build operations Thread 2" [_thread_blocked, id=8468, stack(0x000000002f560000,0x000000002f660000)]
  0x000000001a2bd000 JavaThread "Build operations" [_thread_blocked, id=6364, stack(0x000000002f460000,0x000000002f560000)]
  0x000000001a2c3000 JavaThread "Cache worker for cache directory md-rule (C:\Users\SOOKMYUNG\.gradle\caches\5.1.1\md-rule)" [_thread_blocked, id=14968, stack(0x000000002f360000,0x000000002f460000)]
  0x000000001a2c4000 JavaThread "Cache worker for cache directory md-supplier (C:\Users\SOOKMYUNG\.gradle\caches\5.1.1\md-supplier)" [_thread_blocked, id=5836, stack(0x000000002f260000,0x000000002f360000)]
  0x000000001a2c2800 JavaThread "Cache worker for file hash cache (C:\androidstudio\.gradle\5.1.1\fileHashes)" [_thread_blocked, id=9748, stack(0x000000002f160000,0x000000002f260000)]
  0x000000001a2c1800 JavaThread "Thread-78" [_thread_blocked, id=5000, stack(0x000000002f060000,0x000000002f160000)]
  0x000000001a2c1000 JavaThread "Stdin handler" [_thread_blocked, id=14768, stack(0x000000002ef60000,0x000000002f060000)]
  0x000000001a2c0000 JavaThread "Asynchronous log dispatcher for DefaultDaemonConnection: socket connection from /127.0.0.1:50174 to /127.0.0.1:50349" [_thread_blocked, id=7892, stack(0x000000002ee60000,0x000000002ef60000)]
  0x000000001a2bf800 JavaThread "Daemon worker Thread 3" [_thread_blocked, id=15544, stack(0x000000002ed60000,0x000000002ee60000)]
  0x000000001a2b8000 JavaThread "Cancel handler" [_thread_blocked, id=8632, stack(0x000000002ec60000,0x000000002ed60000)]
  0x000000001a2be800 JavaThread "Handler for socket connection from /127.0.0.1:50174 to /127.0.0.1:50349" [_thread_in_native, id=15204, stack(0x000000002eb60000,0x000000002ec60000)]
  0x000000001a2b5800 JavaThread "Daemon Thread 3" [_thread_blocked, id=12408, stack(0x000000002ea60000,0x000000002eb60000)]
  0x000000001a2bc800 JavaThread "RMI TCP Connection(idle)" daemon [_thread_blocked, id=1400, stack(0x000000002e960000,0x000000002ea60000)]
  0x000000001c232800 JavaThread "Cache worker for Java compile cache (C:\Users\SOOKMYUNG\.gradle\caches\5.1.1\javaCompile)" [_thread_blocked, id=4268, stack(0x00000000277d0000,0x00000000278d0000)]
  0x000000001c235800 JavaThread "RMI Reaper" [_thread_blocked, id=4060, stack(0x00000000275d0000,0x00000000276d0000)]
  0x000000001c231800 JavaThread "RMI TCP Accept-0" daemon [_thread_in_native, id=8764, stack(0x00000000274d0000,0x00000000275d0000)]
  0x000000001c229800 JavaThread "GC Daemon" daemon [_thread_blocked, id=14548, stack(0x00000000273d0000,0x00000000274d0000)]
  0x000000001c230000 JavaThread "RMI Scheduler(0)" daemon [_thread_blocked, id=15420, stack(0x00000000271d0000,0x00000000272d0000)]
  0x000000001d968800 JavaThread "Cache worker for file content cache (C:\Users\SOOKMYUNG\.gradle\caches\5.1.1\fileContent)" [_thread_blocked, id=6560, stack(0x00000000260d0000,0x00000000261d0000)]
  0x000000001d96e800 JavaThread "Memory manager" [_thread_blocked, id=3600, stack(0x00000000238a0000,0x00000000239a0000)]
  0x000000001d961800 JavaThread "Cache worker for execution history cache (C:\Users\SOOKMYUNG\.gradle\caches\5.1.1\executionHistory)" [_thread_blocked, id=3092, stack(0x0000000020720000,0x0000000020820000)]
  0x0000000019e99800 JavaThread "Cache worker for journal cache (C:\Users\SOOKMYUNG\.gradle\caches\journal-1)" [_thread_blocked, id=4256, stack(0x000000001bc50000,0x000000001bd50000)]
  0x0000000019e94000 JavaThread "File lock request listener" [_thread_in_native, id=15792, stack(0x000000001bb50000,0x000000001bc50000)]
  0x0000000019300800 JavaThread "Cache worker for file hash cache (C:\Users\SOOKMYUNG\.gradle\caches\5.1.1\fileHashes)" [_thread_blocked, id=10900, stack(0x000000001ba50000,0x000000001bb50000)]
  0x0000000019053000 JavaThread "Daemon periodic checks" [_thread_blocked, id=14400, stack(0x000000001b050000,0x000000001b150000)]
  0x0000000018f18000 JavaThread "Incoming local TCP Connector on port 50174" [_thread_in_native, id=13380, stack(0x000000001ae70000,0x000000001af70000)]
  0x0000000017a5d800 JavaThread "Service Thread" daemon [_thread_blocked, id=7572, stack(0x00000000182d0000,0x00000000183d0000)]
  0x00000000179e3000 JavaThread "C1 CompilerThread2" daemon [_thread_blocked, id=10844, stack(0x00000000181d0000,0x00000000182d0000)]
  0x000000001664d000 JavaThread "C2 CompilerThread1" daemon [_thread_in_native, id=13756, stack(0x00000000180d0000,0x00000000181d0000)]
=>0x0000000016602000 JavaThread "C2 CompilerThread0" daemon [_thread_in_native, id=13892, stack(0x0000000017fd0000,0x00000000180d0000)]
  0x0000000016601000 JavaThread "Attach Listener" daemon [_thread_blocked, id=16088, stack(0x0000000017ed0000,0x0000000017fd0000)]
  0x00000000179d8800 JavaThread "Signal Dispatcher" daemon [_thread_blocked, id=8672, stack(0x0000000017dd0000,0x0000000017ed0000)]
  0x0000000002beb800 JavaThread "Finalizer" daemon [_thread_blocked, id=2860, stack(0x0000000017840000,0x0000000017940000)]
  0x0000000002be0800 JavaThread "Reference Handler" daemon [_thread_blocked, id=10152, stack(0x0000000017740000,0x0000000017840000)]
  0x0000000002c7e800 JavaThread "main" [_thread_blocked, id=9016, stack(0x0000000002690000,0x0000000002790000)]

Other Threads:
  0x00000000165b6000 VMThread [stack: 0x0000000017640000,0x0000000017740000] [id=2036]
  0x0000000017a13800 WatcherThread [stack: 0x00000000183d0000,0x00000000184d0000] [id=7312]

VM state:not at safepoint (normal execution)

VM Mutex/Monitor currently owned by a thread: None

Heap:
 PSYoungGen      total 345600K, used 172909K [0x00000000e0000000, 0x00000000fb180000, 0x0000000100000000)
  eden space 302592K, 42% used [0x00000000e0000000,0x00000000e7edecc0,0x00000000f2780000)
  from space 43008K, 99% used [0x00000000f2780000,0x00000000f517c778,0x00000000f5180000)
  to   space 58368K, 0% used [0x00000000f7880000,0x00000000f7880000,0x00000000fb180000)
 ParOldGen       total 239616K, used 148352K [0x00000000a0000000, 0x00000000aea00000, 0x00000000e0000000)
  object space 239616K, 61% used [0x00000000a0000000,0x00000000a90e0278,0x00000000aea00000)
 Metaspace       used 123152K, capacity 128222K, committed 128296K, reserved 1161216K
  class space    used 15423K, capacity 16422K, committed 16424K, reserved 1048576K

Card table byte_map: [0x0000000012040000,0x0000000012350000] byte_map_base: 0x0000000011b40000

Marking Bits: (ParMarkBitMap*) 0x0000000077395aa0
 Begin Bits: [0x0000000012950000, 0x0000000014150000)
 End Bits:   [0x0000000014150000, 0x0000000015950000)

Polling page: 0x00000000005e0000

CodeCache: size=245760Kb used=63294Kb max_used=63500Kb free=182465Kb
 bounds [0x0000000002c80000, 0x0000000006af0000, 0x0000000011c80000]
 total_blobs=19909 nmethods=18955 adapters=863
 compilation: enabled

Compilation events (10 events):
Event: 1202.018 Thread 0x00000000179e3000 23685  s    3       com.android.tools.r8.graph.DexEncodedMethod::getMutableOptimizationInfo (35 bytes)
Event: 1202.018 Thread 0x00000000179e3000 nmethod 23685 0x000000000556df50 code [0x000000000556e0e0, 0x000000000556e648]
Event: 1202.018 Thread 0x00000000179e3000 23683   !   3       java.util.concurrent.ForkJoinTask::doExec (37 bytes)
Event: 1202.019 Thread 0x00000000179e3000 nmethod 23683 0x0000000006700510 code [0x00000000067006c0, 0x0000000006700bf8]
Event: 1202.019 Thread 0x00000000179e3000 23682       3       com.android.tools.r8.graph.DexApplication::classes (44 bytes)
Event: 1202.019 Thread 0x000000001664d000 23686   !   4       com.android.tools.r8.graph.DexProgramClass::computeStaticValues (198 bytes)
Event: 1202.019 Thread 0x00000000179e3000 nmethod 23682 0x00000000046ed610 code [0x00000000046ed7a0, 0x00000000046edc18]
Event: 1202.019 Thread 0x00000000179e3000 23687       3       com.android.tools.r8.graph.DexAnnotationDirectory::equals (57 bytes)
Event: 1202.020 Thread 0x00000000179e3000 nmethod 23687 0x00000000046ec910 code [0x00000000046ecae0, 0x00000000046ed358]
Event: 1202.061 Thread 0x000000001664d000 nmethod 23686 0x0000000004732cd0 code [0x0000000004733100, 0x0000000004734558]

GC Heap History (10 events):
Event: 592.367 GC heap before
{Heap before GC invocations=25 (full 4):
 PSYoungGen      total 288256K, used 260764K [0x00000000e0000000, 0x00000000f4980000, 0x0000000100000000)
  eden space 252416K, 99% used [0x00000000e0000000,0x00000000ef499d58,0x00000000ef680000)
  from space 35840K, 28% used [0x00000000f2680000,0x00000000f308d5b0,0x00000000f4980000)
  to   space 42496K, 0% used [0x00000000ef680000,0x00000000ef680000,0x00000000f2000000)
 ParOldGen       total 239616K, used 124396K [0x00000000a0000000, 0x00000000aea00000, 0x00000000e0000000)
  object space 239616K, 51% used [0x00000000a0000000,0x00000000a797b080,0x00000000aea00000)
 Metaspace       used 118372K, capacity 122706K, committed 122920K, reserved 1157120K
  class space    used 14925K, capacity 15815K, committed 15912K, reserved 1048576K
Event: 592.402 GC heap after
Heap after GC invocations=25 (full 4):
 PSYoungGen      total 294912K, used 36073K [0x00000000e0000000, 0x00000000f6f80000, 0x0000000100000000)
  eden space 252416K, 0% used [0x00000000e0000000,0x00000000e0000000,0x00000000ef680000)
  from space 42496K, 84% used [0x00000000ef680000,0x00000000f19ba7b8,0x00000000f2000000)
  to   space 47104K, 0% used [0x00000000f4180000,0x00000000f4180000,0x00000000f6f80000)
 ParOldGen       total 239616K, used 124404K [0x00000000a0000000, 0x00000000aea00000, 0x00000000e0000000)
  object space 239616K, 51% used [0x00000000a0000000,0x00000000a797d080,0x00000000aea00000)
 Metaspace       used 118372K, capacity 122706K, committed 122920K, reserved 1157120K
  class space    used 14925K, capacity 15815K, committed 15912K, reserved 1048576K
}
Event: 595.715 GC heap before
{Heap before GC invocations=26 (full 4):
 PSYoungGen      total 294912K, used 288489K [0x00000000e0000000, 0x00000000f6f80000, 0x0000000100000000)
  eden space 252416K, 100% used [0x00000000e0000000,0x00000000ef680000,0x00000000ef680000)
  from space 42496K, 84% used [0x00000000ef680000,0x00000000f19ba7b8,0x00000000f2000000)
  to   space 47104K, 0% used [0x00000000f4180000,0x00000000f4180000,0x00000000f6f80000)
 ParOldGen       total 239616K, used 124404K [0x00000000a0000000, 0x00000000aea00000, 0x00000000e0000000)
  object space 239616K, 51% used [0x00000000a0000000,0x00000000a797d080,0x00000000aea00000)
 Metaspace       used 118453K, capacity 122770K, committed 123176K, reserved 1157120K
  class space    used 14925K, capacity 15815K, committed 15912K, reserved 1048576K
Event: 595.744 GC heap after
Heap after GC invocations=26 (full 4):
 PSYoungGen      total 322048K, used 16397K [0x00000000e0000000, 0x00000000f6980000, 0x0000000100000000)
  eden space 281088K, 0% used [0x00000000e0000000,0x00000000e0000000,0x00000000f1280000)
  from space 40960K, 40% used [0x00000000f4180000,0x00000000f5183510,0x00000000f6980000)
  to   space 44544K, 0% used [0x00000000f1280000,0x00000000f1280000,0x00000000f3e00000)
 ParOldGen       total 239616K, used 124412K [0x00000000a0000000, 0x00000000aea00000, 0x00000000e0000000)
  object space 239616K, 51% used [0x00000000a0000000,0x00000000a797f080,0x00000000aea00000)
 Metaspace       used 118453K, capacity 122770K, committed 123176K, reserved 1157120K
  class space    used 14925K, capacity 15815K, committed 15912K, reserved 1048576K
}
Event: 634.899 GC heap before
{Heap before GC invocations=27 (full 4):
 PSYoungGen      total 322048K, used 297485K [0x00000000e0000000, 0x00000000f6980000, 0x0000000100000000)
  eden space 281088K, 100% used [0x00000000e0000000,0x00000000f1280000,0x00000000f1280000)
  from space 40960K, 40% used [0x00000000f4180000,0x00000000f5183510,0x00000000f6980000)
  to   space 44544K, 0% used [0x00000000f1280000,0x00000000f1280000,0x00000000f3e00000)
 ParOldGen       total 239616K, used 124412K [0x00000000a0000000, 0x00000000aea00000, 0x00000000e0000000)
  object space 239616K, 51% used [0x00000000a0000000,0x00000000a797f080,0x00000000aea00000)
 Metaspace       used 120540K, capacity 125254K, committed 125480K, reserved 1159168K
  class space    used 15167K, capacity 16116K, committed 16168K, reserved 1048576K
Event: 634.986 GC heap after
Heap after GC invocations=27 (full 4):
 PSYoungGen      total 325632K, used 16427K [0x00000000e0000000, 0x00000000f7f80000, 0x0000000100000000)
  eden space 281088K, 0% used [0x00000000e0000000,0x00000000e0000000,0x00000000f1280000)
  from space 44544K, 36% used [0x00000000f1280000,0x00000000f228ac90,0x00000000f3e00000)
  to   space 42496K, 0% used [0x00000000f5600000,0x00000000f5600000,0x00000000f7f80000)
 ParOldGen       total 239616K, used 124420K [0x00000000a0000000, 0x00000000aea00000, 0x00000000e0000000)
  object space 239616K, 51% used [0x00000000a0000000,0x00000000a7981080,0x00000000aea00000)
 Metaspace       used 120540K, capacity 125254K, committed 125480K, reserved 1159168K
  class space    used 15167K, capacity 16116K, committed 16168K, reserved 1048576K
}
Event: 1196.418 GC heap before
{Heap before GC invocations=28 (full 4):
 PSYoungGen      total 325632K, used 297515K [0x00000000e0000000, 0x00000000f7f80000, 0x0000000100000000)
  eden space 281088K, 100% used [0x00000000e0000000,0x00000000f1280000,0x00000000f1280000)
  from space 44544K, 36% used [0x00000000f1280000,0x00000000f228ac90,0x00000000f3e00000)
  to   space 42496K, 0% used [0x00000000f5600000,0x00000000f5600000,0x00000000f7f80000)
 ParOldGen       total 239616K, used 124420K [0x00000000a0000000, 0x00000000aea00000, 0x00000000e0000000)
  object space 239616K, 51% used [0x00000000a0000000,0x00000000a7981080,0x00000000aea00000)
 Metaspace       used 122808K, capacity 127844K, committed 128040K, reserved 1161216K
  class space    used 15398K, capacity 16409K, committed 16424K, reserved 1048576K
Event: 1196.466 GC heap after
Heap after GC invocations=28 (full 4):
 PSYoungGen      total 340992K, used 25602K [0x00000000e0000000, 0x00000000f7b80000, 0x0000000100000000)
  eden space 302592K, 0% used [0x00000000e0000000,0x00000000e0000000,0x00000000f2780000)
  from space 38400K, 66% used [0x00000000f5600000,0x00000000f6f00898,0x00000000f7b80000)
  to   space 43008K, 0% used [0x00000000f2780000,0x00000000f2780000,0x00000000f5180000)
 ParOldGen       total 239616K, used 124428K [0x00000000a0000000, 0x00000000aea00000, 0x00000000e0000000)
  object space 239616K, 51% used [0x00000000a0000000,0x00000000a7983080,0x00000000aea00000)
 Metaspace       used 122808K, capacity 127844K, committed 128040K, reserved 1161216K
  class space    used 15398K, capacity 16409K, committed 16424K, reserved 1048576K
}
Event: 1200.478 GC heap before
{Heap before GC invocations=29 (full 4):
 PSYoungGen      total 340992K, used 328194K [0x00000000e0000000, 0x00000000f7b80000, 0x0000000100000000)
  eden space 302592K, 100% used [0x00000000e0000000,0x00000000f2780000,0x00000000f2780000)
  from space 38400K, 66% used [0x00000000f5600000,0x00000000f6f00898,0x00000000f7b80000)
  to   space 43008K, 0% used [0x00000000f2780000,0x00000000f2780000,0x00000000f5180000)
 ParOldGen       total 239616K, used 124428K [0x00000000a0000000, 0x00000000aea00000, 0x00000000e0000000)
  object space 239616K, 51% used [0x00000000a0000000,0x00000000a7983080,0x00000000aea00000)
 Metaspace       used 123120K, capacity 128204K, committed 128296K, reserved 1161216K
  class space    used 15420K, capacity 16417K, committed 16424K, reserved 1048576K
Event: 1200.562 GC heap after
Heap after GC invocations=29 (full 4):
 PSYoungGen      total 345600K, used 42993K [0x00000000e0000000, 0x00000000fb180000, 0x0000000100000000)
  eden space 302592K, 0% used [0x00000000e0000000,0x00000000e0000000,0x00000000f2780000)
  from space 43008K, 99% used [0x00000000f2780000,0x00000000f517c778,0x00000000f5180000)
  to   space 58368K, 0% used [0x00000000f7880000,0x00000000f7880000,0x00000000fb180000)
 ParOldGen       total 239616K, used 148352K [0x00000000a0000000, 0x00000000aea00000, 0x00000000e0000000)
  object space 239616K, 61% used [0x00000000a0000000,0x00000000a90e0278,0x00000000aea00000)
 Metaspace       used 123120K, capacity 128204K, committed 128296K, reserved 1161216K
  class space    used 15420K, capacity 16417K, committed 16424K, reserved 1048576K
}

Deoptimization events (10 events):
Event: 1199.979 Thread 0x000000001a2bf800 Uncommon trap: reason=unstable_if action=reinterpret pc=0x00000000059786e0 method=com.android.tools.r8.dex.VirtualFile$IndexedItemTransaction.maybeInsert(Lcom/android/tools/r8/graph/DexItem;Ljava/util/Set;Ljava/util/Set;)Z @ 7
Event: 1200.323 Thread 0x000000001d967000 Uncommon trap: reason=unstable_if action=reinterpret pc=0x0000000005834588 method=com.android.tools.r8.dex.FileWriter$MixedSectionOffsets.add(Lcom/android/tools/r8/graph/DexAnnotationSet;)Z @ 10
Event: 1200.323 Thread 0x000000001d967000 Uncommon trap: reason=unstable_if action=reinterpret pc=0x000000000430eac4 method=com.android.tools.r8.dex.FileWriter$MixedSectionOffsets.add(Lcom/android/tools/r8/graph/DexAnnotationSet;)Z @ 10
Event: 1200.593 Thread 0x000000001d967000 Uncommon trap: reason=array_check action=maybe_recompile pc=0x00000000069b72c8 method=java.util.TimSort.mergeLo(IIII)V @ 590
Event: 1200.593 Thread 0x000000001d967000 Uncommon trap: reason=array_check action=maybe_recompile pc=0x00000000069b7378 method=java.util.TimSort.mergeLo(IIII)V @ 375
Event: 1200.593 Thread 0x000000001d967000 Uncommon trap: reason=array_check action=maybe_recompile pc=0x0000000006683434 method=java.util.TimSort.mergeHi(IIII)V @ 282
Event: 1200.593 Thread 0x000000001d967000 Uncommon trap: reason=array_check action=maybe_recompile pc=0x00000000069b7378 method=java.util.TimSort.mergeLo(IIII)V @ 375
Event: 1200.597 Thread 0x000000001d967000 Uncommon trap: reason=array_check action=maybe_recompile pc=0x00000000069723bc method=java.util.TimSort.mergeLo(IIII)V @ 590
Event: 1200.637 Thread 0x000000001d967000 Uncommon trap: reason=array_check action=maybe_recompile pc=0x0000000006a9639c method=java.util.TimSort.mergeLo(IIII)V @ 468
Event: 1200.637 Thread 0x000000001d967000 Uncommon trap: reason=array_check action=maybe_recompile pc=0x0000000006a9639c method=java.util.TimSort.mergeLo(IIII)V @ 468

Classes redefined (0 events):
No events

Internal exceptions (10 events):
Event: 1201.967 Thread 0x0000000020d7d000 Exception <a 'sun/nio/fs/WindowsException'> (0x00000000e78dd118) thrown at [D:\src\AOSP-openjdk-cygwin\jdk8u\hotspot\src\share\vm\prims\jni.cpp, line 709]
Event: 1201.969 Thread 0x000000001d967000 Exception <a 'sun/nio/fs/WindowsException'> (0x00000000e79977b0) thrown at [D:\src\AOSP-openjdk-cygwin\jdk8u\hotspot\src\share\vm\prims\jni.cpp, line 709]
Event: 1201.996 Thread 0x000000001c237000 Exception <a 'sun/nio/fs/WindowsException'> (0x00000000e76634f8) thrown at [D:\src\AOSP-openjdk-cygwin\jdk8u\hotspot\src\share\vm\prims\jni.cpp, line 709]
Event: 1201.996 Thread 0x000000001abff800 Exception <a 'sun/nio/fs/WindowsException'> (0x00000000e7afbff8) thrown at [D:\src\AOSP-openjdk-cygwin\jdk8u\hotspot\src\share\vm\prims\jni.cpp, line 709]
Event: 1201.999 Thread 0x0000000020d81800 Exception <a 'sun/nio/fs/WindowsException'> (0x00000000e7936520) thrown at [D:\src\AOSP-openjdk-cygwin\jdk8u\hotspot\src\share\vm\prims\jni.cpp, line 709]
Event: 1202.001 Thread 0x000000001abff800 Exception <a 'sun/nio/fs/WindowsException'> (0x00000000e7b248e8) thrown at [D:\src\AOSP-openjdk-cygwin\jdk8u\hotspot\src\share\vm\prims\jni.cpp, line 709]
Event: 1202.005 Thread 0x000000001abfc000 Exception <a 'sun/nio/fs/WindowsException'> (0x00000000e7703888) thrown at [D:\src\AOSP-openjdk-cygwin\jdk8u\hotspot\src\share\vm\prims\jni.cpp, line 709]
Event: 1202.006 Thread 0x000000001d964000 Exception <a 'sun/nio/fs/WindowsException'> (0x00000000e7c301b0) thrown at [D:\src\AOSP-openjdk-cygwin\jdk8u\hotspot\src\share\vm\prims\jni.cpp, line 709]
Event: 1202.018 Thread 0x000000001abfe000 Exception <a 'sun/nio/fs/WindowsException'> (0x00000000e7d4bce8) thrown at [D:\src\AOSP-openjdk-cygwin\jdk8u\hotspot\src\share\vm\prims\jni.cpp, line 709]
Event: 1202.020 Thread 0x000000001abff000 Exception <a 'sun/nio/fs/WindowsException'> (0x00000000e7ddde80) thrown at [D:\src\AOSP-openjdk-cygwin\jdk8u\hotspot\src\share\vm\prims\jni.cpp, line 709]

Events (10 events):
Event: 1201.986 Thread 0x000000001664d000 flushing nmethod 0x0000000006700350
Event: 1201.986 Thread 0x000000001664d000 flushing nmethod 0x0000000006769810
Event: 1201.987 Thread 0x000000001664d000 flushing nmethod 0x00000000067a5d90
Event: 1201.987 Thread 0x000000001664d000 flushing nmethod 0x00000000067fb950
Event: 1201.987 Thread 0x000000001664d000 flushing nmethod 0x000000000683b5d0
Event: 1201.987 Thread 0x000000001664d000 flushing nmethod 0x000000000683c350
Event: 1201.998 Executing VM operation: RevokeBias
Event: 1201.998 Executing VM operation: RevokeBias done
Event: 1202.004 Executing VM operation: RevokeBias
Event: 1202.004 Executing VM operation: RevokeBias done


Dynamic libraries:
0x00007ff79d1c0000 - 0x00007ff79d1f1000 	C:\Program Files\Android\Android Studio\jre\bin\java.exe
0x00007ffc386b0000 - 0x00007ffc38891000 	C:\WINDOWS\SYSTEM32\ntdll.dll
0x00007ffc37e50000 - 0x00007ffc37f01000 	C:\WINDOWS\System32\KERNEL32.DLL
0x00007ffc35430000 - 0x00007ffc356a3000 	C:\WINDOWS\System32\KERNELBASE.dll
0x00007ffc35f40000 - 0x00007ffc35fe1000 	C:\WINDOWS\System32\ADVAPI32.dll
0x00007ffc35ea0000 - 0x00007ffc35f3e000 	C:\WINDOWS\System32\msvcrt.dll
0x00007ffc38620000 - 0x00007ffc3867b000 	C:\WINDOWS\System32\sechost.dll
0x00007ffc35d70000 - 0x00007ffc35e94000 	C:\WINDOWS\System32\RPCRT4.dll
0x00007ffc38390000 - 0x00007ffc38520000 	C:\WINDOWS\System32\USER32.dll
0x00007ffc35a20000 - 0x00007ffc35a40000 	C:\WINDOWS\System32\win32u.dll
0x00007ffc35c60000 - 0x00007ffc35c88000 	C:\WINDOWS\System32\GDI32.dll
0x00007ffc34a80000 - 0x00007ffc34c12000 	C:\WINDOWS\System32\gdi32full.dll
0x00007ffc35790000 - 0x00007ffc3582f000 	C:\WINDOWS\System32\msvcp_win.dll
0x00007ffc35a40000 - 0x00007ffc35b38000 	C:\WINDOWS\System32\ucrtbase.dll
0x00007ffc1e980000 - 0x00007ffc1ebe9000 	C:\WINDOWS\WinSxS\amd64_microsoft.windows.common-controls_6595b64144ccf1df_6.0.17134.706_none_fb43a2cb30647007\COMCTL32.dll
0x00007ffc37f10000 - 0x00007ffc38232000 	C:\WINDOWS\System32\combase.dll
0x00007ffc356b0000 - 0x00007ffc3572a000 	C:\WINDOWS\System32\bcryptPrimitives.dll
0x00007ffc35c90000 - 0x00007ffc35cbd000 	C:\WINDOWS\System32\IMM32.DLL
0x0000000077860000 - 0x0000000077932000 	C:\Program Files\Android\Android Studio\jre\jre\bin\msvcr100.dll
0x0000000076bd0000 - 0x0000000077411000 	C:\Program Files\Android\Android Studio\jre\jre\bin\server\jvm.dll
0x00007ffc35b40000 - 0x00007ffc35b48000 	C:\WINDOWS\System32\PSAPI.DLL
0x00007ffc23210000 - 0x00007ffc2321a000 	C:\WINDOWS\SYSTEM32\VERSION.dll
0x00007ffc335c0000 - 0x00007ffc335c9000 	C:\WINDOWS\SYSTEM32\WSOCK32.dll
0x00007ffc32760000 - 0x00007ffc32783000 	C:\WINDOWS\SYSTEM32\WINMM.dll
0x00007ffc375d0000 - 0x00007ffc3763c000 	C:\WINDOWS\System32\WS2_32.dll
0x00007ffc32650000 - 0x00007ffc3267a000 	C:\WINDOWS\SYSTEM32\WINMMBASE.dll
0x00007ffc34c20000 - 0x00007ffc34c69000 	C:\WINDOWS\System32\cfgmgr32.dll
0x00007ffc31010000 - 0x00007ffc3101f000 	C:\Program Files\Android\Android Studio\jre\jre\bin\verify.dll
0x00007ffc2f270000 - 0x00007ffc2f299000 	C:\Program Files\Android\Android Studio\jre\jre\bin\java.dll
0x00007ffc2d670000 - 0x00007ffc2d686000 	C:\Program Files\Android\Android Studio\jre\jre\bin\zip.dll
0x00007ffc36190000 - 0x00007ffc375d0000 	C:\WINDOWS\System32\SHELL32.dll
0x00007ffc35cc0000 - 0x00007ffc35d69000 	C:\WINDOWS\System32\shcore.dll
0x00007ffc34c70000 - 0x00007ffc3537d000 	C:\WINDOWS\System32\windows.storage.dll
0x00007ffc35c00000 - 0x00007ffc35c51000 	C:\WINDOWS\System32\shlwapi.dll
0x00007ffc349c0000 - 0x00007ffc349d1000 	C:\WINDOWS\System32\kernel.appcore.dll
0x00007ffc34a40000 - 0x00007ffc34a5f000 	C:\WINDOWS\System32\profapi.dll
0x00007ffc349e0000 - 0x00007ffc34a2c000 	C:\WINDOWS\System32\powrprof.dll
0x00007ffc34a30000 - 0x00007ffc34a3a000 	C:\WINDOWS\System32\FLTLIB.DLL
0x00007ffc2d650000 - 0x00007ffc2d66a000 	C:\Program Files\Android\Android Studio\jre\jre\bin\net.dll
0x00007ffc341e0000 - 0x00007ffc34246000 	C:\WINDOWS\system32\mswsock.dll
0x00007ffc2d630000 - 0x00007ffc2d641000 	C:\Program Files\Android\Android Studio\jre\jre\bin\nio.dll
0x00007ffc210f0000 - 0x00007ffc2110e000 	C:\Users\SOOKMYUNG\.gradle\native\25\windows-amd64\native-platform.dll
0x00007ffc31000000 - 0x00007ffc3100d000 	C:\Program Files\Android\Android Studio\jre\jre\bin\management.dll
0x00007ffc34390000 - 0x00007ffc343a7000 	C:\WINDOWS\SYSTEM32\CRYPTSP.dll
0x00007ffc33dc0000 - 0x00007ffc33df3000 	C:\WINDOWS\system32\rsaenh.dll
0x00007ffc34510000 - 0x00007ffc34535000 	C:\WINDOWS\SYSTEM32\bcrypt.dll
0x00007ffc348f0000 - 0x00007ffc34918000 	C:\WINDOWS\SYSTEM32\USERENV.dll
0x00007ffc348b0000 - 0x00007ffc348bb000 	C:\WINDOWS\SYSTEM32\CRYPTBASE.dll
0x00007ffc33f60000 - 0x00007ffc33f98000 	C:\WINDOWS\SYSTEM32\IPHLPAPI.DLL
0x00007ffc38520000 - 0x00007ffc38528000 	C:\WINDOWS\System32\NSI.dll
0x00007ffc29420000 - 0x00007ffc29436000 	C:\WINDOWS\SYSTEM32\dhcpcsvc6.DLL
0x00007ffc299c0000 - 0x00007ffc299da000 	C:\WINDOWS\SYSTEM32\dhcpcsvc.DLL
0x00007ffc32970000 - 0x00007ffc329fb000 	C:\WINDOWS\system32\apphelp.dll
0x00007ffc24bf0000 - 0x00007ffc24c0e000 	C:\Users\SOOKMYUNG\AppData\Local\Temp\native-platform5435108593946151411dir\native-platform.dll
0x00007ffc33ae0000 - 0x00007ffc33b11000 	C:\WINDOWS\SYSTEM32\ntmarta.dll

VM Arguments:
jvm_args: -Xmx1536m -Dfile.encoding=x-windows-949 -Duser.country=KR -Duser.language=ko -Duser.variant 
java_command: org.gradle.launcher.daemon.bootstrap.GradleDaemon 5.1.1
java_class_path (initial): C:\Users\SOOKMYUNG\.gradle\wrapper\dists\gradle-5.1.1-all\97z1ksx6lirer3kbvdnh7jtjg\gradle-5.1.1\lib\gradle-launcher-5.1.1.jar
Launcher Type: SUN_STANDARD

Environment Variables:
JAVA_HOME=C:\Program Files\Java\jdk-10
PATH=C:\Program Files (x86)\Common Files\Oracle\Java\javapath;C:\ProgramData\Oracle\Java\javapath;C:\Program Files (x86)\Intel\iCLS Client\;C:\Program Files\Intel\iCLS Client\;C:\WINDOWS\system32;C:\WINDOWS;C:\WINDOWS\System32\Wbem;C:\WINDOWS\System32\WindowsPowerShell\v1.0\;C:\Program Files (x86)\Intel\Intel(R) Management Engine Components\DAL;C:\Program Files\Intel\Intel(R) Management Engine Components\DAL;C:\Program Files (x86)\Intel\Intel(R) Management Engine Components\IPT;C:\Program Files\Intel\Intel(R) Management Engine Components\IPT;C:\Program Files\Java\jdk-10\bin;";C:\Program Files\Android\Android Studio\jre\bin";C:\Program Files\Git\cmd;C:\Program Files\dotnet\;C:\WINDOWS\System32\OpenSSH\;C:\Program Files\Intel\WiFi\bin\;C:\Program Files\Common Files\Intel\WirelessCommon\;C:\Users\SOOKMYUNG\AppData\Local\Microsoft\WindowsApps;
USERNAME=SOOKMYUNG
OS=Windows_NT
PROCESSOR_IDENTIFIER=Intel64 Family 6 Model 78 Stepping 3, GenuineIntel



---------------  S Y S T E M  ---------------

OS: Windows 10.0 , 64 bit Build 17134 (10.0.17134.706)

CPU:total 4 (initial active 4) (2 cores per cpu, 2 threads per core) family 6 model 78 stepping 3, cmov, cx8, fxsr, mmx, sse, sse2, sse3, ssse3, sse4.1, sse4.2, popcnt, avx, avx2, aes, clmul, erms, 3dnowpref, lzcnt, ht, tsc, tscinvbit, bmi1, bmi2, adx

Memory: 4k page, physical 8304664k(712812k free), swap 8304664k(5128k free)

vm_info: OpenJDK 64-Bit Server VM (25.152-b01) for windows-amd64 JRE (1.8.0_152-release-1343-b01), built by "builder" with MS VC++ 10.0 (VS2010)

time: Sun May 05 23:55:16 2019
elapsed time: 1202 seconds (0d 0h 20m 2s)

